# JRE version: OpenJDK Runtime Environment Temurin-21.0.8+9 (21.0.8+9) (build 21.0.8+9-LTS)
# Java VM: OpenJDK 64-Bit Server VM Temurin-21.0.8+9 (21.0.8+9-LTS, mixed mode, emulated-client, sharing, tiered, compressed oops, compressed class ptrs, g1 gc, windows-amd64)
GC Precious Log:
 CardTable entry size: 512
 Card Set container configuration: InlinePtr #cards 4 size 8 Array Of Cards #cards 64 size 144 Howl #buckets 8 coarsen threshold 14745 Howl Bitmap #cards 2048 size 272 coarsen threshold 1843 Card regions per heap region 1 cards per card region 16384
 CPUs: 16 total, 16 available
 Memory: 49084M
 Large Page Support: Disabled
 NUMA Support: Disabled
 Compressed Oops: Enabled (Zero based)
 Heap Region Size: 8M
 Heap Min Capacity: 8M
 Heap Initial Capacity: 768M
 Heap Max Capacity: 12272M
 Pre-touch: Disabled
 Parallel Workers: 13
 Concurrent Workers: 3
 Concurrent Refinement Workers: 13
 Periodic GC: Disabled
Heap:
 garbage-first heap   total 57344K, used 37492K [0x0000000501000000, 0x0000000800000000)
  region size 8192K, 3 young (24576K), 1 survivors (8192K)
 Metaspace       used 40047K, committed 40704K, reserved 1114112K
  class space    used 5472K, committed 5760K, reserved 1048576K
GC Heap History (20 events):
Event: 46311.261 GC heap after
{Heap after GC invocations=74 (full 11):
 garbage-first heap   total 57344K, used 20100K [0x0000000501000000, 0x0000000800000000)
  region size 8192K, 1 young (8192K), 1 survivors (8192K)
 Metaspace       used 39546K, committed 40448K, reserved 1114112K
  class space    used 5384K, committed 5760K, reserved 1048576K
}
Event: 46333.034 GC heap before
{Heap before GC invocations=74 (full 11):
 garbage-first heap   total 57344K, used 20100K [0x0000000501000000, 0x0000000800000000)
  region size 8192K, 2 young (16384K), 1 survivors (8192K)
 Metaspace       used 39556K, committed 40448K, reserved 1114112K
  class space    used 5385K, committed 5760K, reserved 1048576K
}
Event: 46333.085 GC heap after
{Heap after GC invocations=75 (full 12):
 garbage-first heap   total 57344K, used 18654K [0x0000000501000000, 0x0000000800000000)
  region size 8192K, 0 young (0K), 0 survivors (0K)
 Metaspace       used 39484K, committed 40448K, reserved 1114112K
  class space    used 5366K, committed 5760K, reserved 1048576K
}
Event: 46334.838 GC heap before
{Heap before GC invocations=75 (full 12):
 garbage-first heap   total 57344K, used 43230K [0x0000000501000000, 0x0000000800000000)
  region size 8192K, 3 young (24576K), 0 survivors (0K)
 Metaspace       used 39508K, committed 40448K, reserved 1114112K
  class space    used 5373K, committed 5760K, reserved 1048576K
}
Event: 46334.840 GC heap after
{Heap after GC invocations=76 (full 12):
 garbage-first heap   total 57344K, used 21310K [0x0000000501000000, 0x0000000800000000)
  region size 8192K, 1 young (8192K), 1 survivors (8192K)
 Metaspace       used 39508K, committed 40448K, reserved 1114112K
  class space    used 5373K, committed 5760K, reserved 1048576K
}
Event: 46340.783 GC heap before
{Heap before GC invocations=76 (full 12):
 garbage-first heap   total 57344K, used 21310K [0x0000000501000000, 0x0000000800000000)
  region size 8192K, 2 young (16384K), 1 survivors (8192K)
 Metaspace       used 39524K, committed 40448K, reserved 1114112K
  class space    used 5374K, committed 5760K, reserved 1048576K
}
Event: 46340.845 GC heap after
{Heap after GC invocations=77 (full 13):
 garbage-first heap   total 57344K, used 20121K [0x0000000501000000, 0x0000000800000000)
  region size 8192K, 0 young (0K), 0 survivors (0K)
 Metaspace       used 39521K, committed 40448K, reserved 1114112K
  class space    used 5374K, committed 5760K, reserved 1048576K
}
Event: 46341.057 GC heap before
{Heap before GC invocations=77 (full 13):
 garbage-first heap   total 57344K, used 44697K [0x0000000501000000, 0x0000000800000000)
  region size 8192K, 3 young (24576K), 0 survivors (0K)
 Metaspace       used 39543K, committed 40448K, reserved 1114112K
  class space    used 5379K, committed 5760K, reserved 1048576K
}
Event: 46341.058 GC heap after
{Heap after GC invocations=78 (full 13):
 garbage-first heap   total 57344K, used 22907K [0x0000000501000000, 0x0000000800000000)
  region size 8192K, 1 young (8192K), 1 survivors (8192K)
 Metaspace       used 39543K, committed 40448K, reserved 1114112K
  class space    used 5379K, committed 5760K, reserved 1048576K
}
Event: 46413.276 GC heap before
{Heap before GC invocations=78 (full 13):
 garbage-first heap   total 57344K, used 22907K [0x0000000501000000, 0x0000000800000000)
  region size 8192K, 2 young (16384K), 1 survivors (8192K)
 Metaspace       used 39742K, committed 40512K, reserved 1114112K
  class space    used 5412K, committed 5760K, reserved 1048576K
}
Event: 46413.327 GC heap after
{Heap after GC invocations=79 (full 14):
 garbage-first heap   total 57344K, used 17682K [0x0000000501000000, 0x0000000800000000)
  region size 8192K, 0 young (0K), 0 survivors (0K)
 Metaspace       used 39734K, committed 40512K, reserved 1114112K
  class space    used 5410K, committed 5760K, reserved 1048576K
}
Event: 46414.922 GC heap before
{Heap before GC invocations=79 (full 14):
 garbage-first heap   total 57344K, used 42258K [0x0000000501000000, 0x0000000800000000)
  region size 8192K, 3 young (24576K), 0 survivors (0K)
 Metaspace       used 39957K, committed 40640K, reserved 1114112K
  class space    used 5450K, committed 5760K, reserved 1048576K
}
Event: 46414.923 GC heap after
{Heap after GC invocations=80 (full 14):
 garbage-first heap   total 57344K, used 20235K [0x0000000501000000, 0x0000000800000000)
  region size 8192K, 1 young (8192K), 1 survivors (8192K)
 Metaspace       used 39957K, committed 40640K, reserved 1114112K
  class space    used 5450K, committed 5760K, reserved 1048576K
}
Event: 46415.024 GC heap before
{Heap before GC invocations=80 (full 14):
 garbage-first heap   total 57344K, used 36619K [0x0000000501000000, 0x0000000800000000)
  region size 8192K, 3 young (24576K), 1 survivors (8192K)
 Metaspace       used 39977K, committed 40640K, reserved 1114112K
  class space    used 5456K, committed 5760K, reserved 1048576K
}
Event: 46415.025 GC heap after
{Heap after GC invocations=81 (full 14):
 garbage-first heap   total 57344K, used 22036K [0x0000000501000000, 0x0000000800000000)
  region size 8192K, 1 young (8192K), 1 survivors (8192K)
 Metaspace       used 39977K, committed 40640K, reserved 1114112K
  class space    used 5456K, committed 5760K, reserved 1048576K
}
Event: 46416.563 GC heap before
{Heap before GC invocations=81 (full 14):
 garbage-first heap   total 57344K, used 38420K [0x0000000501000000, 0x0000000800000000)
  region size 8192K, 3 young (24576K), 1 survivors (8192K)
 Metaspace       used 40001K, committed 40640K, reserved 1114112K
  class space    used 5462K, committed 5760K, reserved 1048576K
}
Event: 46416.565 GC heap after
{Heap after GC invocations=82 (full 14):
 garbage-first heap   total 57344K, used 21335K [0x0000000501000000, 0x0000000800000000)
  region size 8192K, 1 young (8192K), 1 survivors (8192K)
 Metaspace       used 40001K, committed 40640K, reserved 1114112K
  class space    used 5462K, committed 5760K, reserved 1048576K
}
Event: 46425.193 GC heap before
{Heap before GC invocations=82 (full 14):
 garbage-first heap   total 57344K, used 37719K [0x0000000501000000, 0x0000000800000000)
  region size 8192K, 3 young (24576K), 1 survivors (8192K)
 Metaspace       used 40025K, committed 40704K, reserved 1114112K
  class space    used 5468K, committed 5760K, reserved 1048576K
}
Event: 46425.194 GC heap after
{Heap after GC invocations=83 (full 14):
 garbage-first heap   total 57344K, used 21108K [0x0000000501000000, 0x0000000800000000)
  region size 8192K, 1 young (8192K), 1 survivors (8192K)
 Metaspace       used 40025K, committed 40704K, reserved 1114112K
  class space    used 5468K, committed 5760K, reserved 1048576K
}
Event: 46494.213 GC heap before
{Heap before GC invocations=83 (full 14):
 garbage-first heap   total 57344K, used 37492K [0x0000000501000000, 0x0000000800000000)
  region size 8192K, 3 young (24576K), 1 survivors (8192K)
 Metaspace       used 40047K, committed 40704K, reserved 1114112K
  class space    used 5472K, committed 5760K, reserved 1048576K
}

