# JRE version: OpenJDK Runtime Environment Temurin-21.0.8+9 (21.0.8+9) (build 21.0.8+9-LTS)
# Java VM: OpenJDK 64-Bit Server VM Temurin-21.0.8+9 (21.0.8+9-LTS, mixed mode, emulated-client, sharing, tiered, compressed oops, compressed class ptrs, g1 gc, windows-amd64)
GC Precious Log:
 CardTable entry size: 512
 Card Set container configuration: InlinePtr #cards 4 size 8 Array Of Cards #cards 64 size 144 Howl #buckets 8 coarsen threshold 14745 Howl Bitmap #cards 2048 size 272 coarsen threshold 1843 Card regions per heap region 1 cards per card region 16384
 CPUs: 16 total, 16 available
 Memory: 49084M
 Large Page Support: Disabled
 NUMA Support: Disabled
 Compressed Oops: Enabled (Zero based)
 Heap Region Size: 8M
 Heap Min Capacity: 8M
 Heap Initial Capacity: 768M
 Heap Max Capacity: 12272M
 Pre-touch: Disabled
 Parallel Workers: 13
 Concurrent Workers: 3
 Concurrent Refinement Workers: 13
 Periodic GC: Disabled
Heap:
 garbage-first heap   total 57344K, used 39534K [0x0000000501000000, 0x0000000800000000)
  region size 8192K, 4 young (32768K), 1 survivors (8192K)
 Metaspace       used 40537K, committed 41344K, reserved 1114112K
  class space    used 5531K, committed 5888K, reserved 1048576K
GC Heap History (20 events):
Event: 66121.809 GC heap after
{Heap after GC invocations=93 (full 22):
 garbage-first heap   total 57344K, used 20400K [0x0000000501000000, 0x0000000800000000)
  region size 8192K, 1 young (8192K), 1 survivors (8192K)
 Metaspace       used 40396K, committed 41024K, reserved 1114112K
  class space    used 5506K, committed 5760K, reserved 1048576K
}
Event: 66236.324 GC heap before
{Heap before GC invocations=93 (full 22):
 garbage-first heap   total 57344K, used 36784K [0x0000000501000000, 0x0000000800000000)
  region size 8192K, 4 young (32768K), 1 survivors (8192K)
 Metaspace       used 40442K, committed 41024K, reserved 1114112K
  class space    used 5519K, committed 5760K, reserved 1048576K
}
Event: 66236.375 GC heap after
{Heap after GC invocations=94 (full 23):
 garbage-first heap   total 57344K, used 16115K [0x0000000501000000, 0x0000000800000000)
  region size 8192K, 0 young (0K), 0 survivors (0K)
 Metaspace       used 40373K, committed 41024K, reserved 1114112K
  class space    used 5501K, committed 5760K, reserved 1048576K
}
Event: 66236.699 GC heap before
{Heap before GC invocations=94 (full 23):
 garbage-first heap   total 57344K, used 40691K [0x0000000501000000, 0x0000000800000000)
  region size 8192K, 3 young (24576K), 0 survivors (0K)
 Metaspace       used 40533K, committed 41152K, reserved 1114112K
  class space    used 5544K, committed 5824K, reserved 1048576K
}
Event: 66236.701 GC heap after
{Heap after GC invocations=95 (full 23):
 garbage-first heap   total 57344K, used 20057K [0x0000000501000000, 0x0000000800000000)
  region size 8192K, 1 young (8192K), 1 survivors (8192K)
 Metaspace       used 40533K, committed 41152K, reserved 1114112K
  class space    used 5544K, committed 5824K, reserved 1048576K
}
Event: 66240.151 GC heap before
{Heap before GC invocations=95 (full 23):
 garbage-first heap   total 57344K, used 20057K [0x0000000501000000, 0x0000000800000000)
  region size 8192K, 2 young (16384K), 1 survivors (8192K)
 Metaspace       used 40571K, committed 41152K, reserved 1114112K
  class space    used 5553K, committed 5824K, reserved 1048576K
}
Event: 66240.209 GC heap after
{Heap after GC invocations=96 (full 24):
 garbage-first heap   total 57344K, used 19082K [0x0000000501000000, 0x0000000800000000)
  region size 8192K, 0 young (0K), 0 survivors (0K)
 Metaspace       used 40540K, committed 41152K, reserved 1114112K
  class space    used 5544K, committed 5824K, reserved 1048576K
}
Event: 66240.329 GC heap before
{Heap before GC invocations=96 (full 24):
 garbage-first heap   total 57344K, used 35466K [0x0000000501000000, 0x0000000800000000)
  region size 8192K, 2 young (16384K), 0 survivors (0K)
 Metaspace       used 40549K, committed 41152K, reserved 1114112K
  class space    used 5547K, committed 5824K, reserved 1048576K
}
Event: 66240.330 GC heap after
{Heap after GC invocations=97 (full 24):
 garbage-first heap   total 57344K, used 21310K [0x0000000501000000, 0x0000000800000000)
  region size 8192K, 1 young (8192K), 1 survivors (8192K)
 Metaspace       used 40549K, committed 41152K, reserved 1114112K
  class space    used 5547K, committed 5824K, reserved 1048576K
}
Event: 66252.841 GC heap before
{Heap before GC invocations=97 (full 24):
 garbage-first heap   total 57344K, used 29502K [0x0000000501000000, 0x0000000800000000)
  region size 8192K, 3 young (24576K), 1 survivors (8192K)
 Metaspace       used 40552K, committed 41152K, reserved 1114112K
  class space    used 5548K, committed 5824K, reserved 1048576K
}
Event: 66252.896 GC heap after
{Heap after GC invocations=98 (full 25):
 garbage-first heap   total 57344K, used 19176K [0x0000000501000000, 0x0000000800000000)
  region size 8192K, 0 young (0K), 0 survivors (0K)
 Metaspace       used 40549K, committed 41152K, reserved 1114112K
  class space    used 5547K, committed 5824K, reserved 1048576K
}
Event: 66253.015 GC heap before
{Heap before GC invocations=98 (full 25):
 garbage-first heap   total 57344K, used 35560K [0x0000000501000000, 0x0000000800000000)
  region size 8192K, 2 young (16384K), 0 survivors (0K)
 Metaspace       used 40558K, committed 41152K, reserved 1114112K
  class space    used 5550K, committed 5824K, reserved 1048576K
}
Event: 66253.016 GC heap after
{Heap after GC invocations=99 (full 25):
 garbage-first heap   total 57344K, used 21227K [0x0000000501000000, 0x0000000800000000)
  region size 8192K, 1 young (8192K), 1 survivors (8192K)
 Metaspace       used 40558K, committed 41152K, reserved 1114112K
  class space    used 5550K, committed 5824K, reserved 1048576K
}
Event: 66305.938 GC heap before
{Heap before GC invocations=99 (full 25):
 garbage-first heap   total 57344K, used 37611K [0x0000000501000000, 0x0000000800000000)
  region size 8192K, 3 young (24576K), 1 survivors (8192K)
 Metaspace       used 40562K, committed 41152K, reserved 1114112K
  class space    used 5551K, committed 5824K, reserved 1048576K
}
Event: 66305.940 GC heap after
{Heap after GC invocations=100 (full 25):
 garbage-first heap   total 57344K, used 21691K [0x0000000501000000, 0x0000000800000000)
  region size 8192K, 1 young (8192K), 1 survivors (8192K)
 Metaspace       used 40562K, committed 41152K, reserved 1114112K
  class space    used 5551K, committed 5824K, reserved 1048576K
}
Event: 66404.345 GC heap before
{Heap before GC invocations=100 (full 25):
 garbage-first heap   total 57344K, used 38075K [0x0000000501000000, 0x0000000800000000)
  region size 8192K, 3 young (24576K), 1 survivors (8192K)
 Metaspace       used 40572K, committed 41152K, reserved 1114112K
  class space    used 5553K, committed 5824K, reserved 1048576K
}
Event: 66404.346 GC heap after
{Heap after GC invocations=101 (full 25):
 garbage-first heap   total 57344K, used 20955K [0x0000000501000000, 0x0000000800000000)
  region size 8192K, 1 young (8192K), 1 survivors (8192K)
 Metaspace       used 40572K, committed 41152K, reserved 1114112K
  class space    used 5553K, committed 5824K, reserved 1048576K
}
Event: 66442.110 GC heap before
{Heap before GC invocations=101 (full 25):
 garbage-first heap   total 57344K, used 20955K [0x0000000501000000, 0x0000000800000000)
  region size 8192K, 2 young (16384K), 1 survivors (8192K)
 Metaspace       used 40668K, committed 41344K, reserved 1114112K
  class space    used 5564K, committed 5888K, reserved 1048576K
}
Event: 66442.161 GC heap after
{Heap after GC invocations=102 (full 26):
 garbage-first heap   total 57344K, used 14958K [0x0000000501000000, 0x0000000800000000)
  region size 8192K, 0 young (0K), 0 survivors (0K)
 Metaspace       used 40436K, committed 41344K, reserved 1114112K
  class space    used 5503K, committed 5888K, reserved 1048576K
}
Event: 66464.569 GC heap before
{Heap before GC invocations=102 (full 26):
 garbage-first heap   total 57344K, used 39534K [0x0000000501000000, 0x0000000800000000)
  region size 8192K, 3 young (24576K), 0 survivors (0K)
 Metaspace       used 40537K, committed 41344K, reserved 1114112K
  class space    used 5531K, committed 5888K, reserved 1048576K
}

